Mar 17, 2016 10:47:11 AM org.apache.catalina.startup.VersionLoggerListener log
INFO: Server version:        Apache Tomcat/7.0.64
Mar 17, 2016 10:47:11 AM org.apache.catalina.startup.VersionLoggerListener log
INFO: Server built:          Aug 19 2015 17:18:06 UTC
Mar 17, 2016 10:47:11 AM org.apache.catalina.startup.VersionLoggerListener log
INFO: Server number:         7.0.64.0
Mar 17, 2016 10:47:11 AM org.apache.catalina.startup.VersionLoggerListener log
INFO: OS Name:               Mac OS X
Mar 17, 2016 10:47:11 AM org.apache.catalina.startup.VersionLoggerListener log
INFO: OS Version:            10.11.3
Mar 17, 2016 10:47:11 AM org.apache.catalina.startup.VersionLoggerListener log
INFO: Architecture:          x86_64
Mar 17, 2016 10:47:11 AM org.apache.catalina.startup.VersionLoggerListener log
INFO: Java Home:             /Library/Java/JavaVirtualMachines/jdk1.8.0_31.jdk/Contents/Home/jre
Mar 17, 2016 10:47:11 AM org.apache.catalina.startup.VersionLoggerListener log
INFO: JVM Version:           1.8.0_31-b13
Mar 17, 2016 10:47:11 AM org.apache.catalina.startup.VersionLoggerListener log
INFO: JVM Vendor:            Oracle Corporation
Mar 17, 2016 10:47:11 AM org.apache.catalina.startup.VersionLoggerListener log
INFO: CATALINA_BASE:         /Users/Francisco/GitHub/ttt-web-service-noughts-crosses-game-2/juddi-3.3.2_tomcat-7.0.64_9090
Mar 17, 2016 10:47:11 AM org.apache.catalina.startup.VersionLoggerListener log
INFO: CATALINA_HOME:         /Users/Francisco/GitHub/ttt-web-service-noughts-crosses-game-2/juddi-3.3.2_tomcat-7.0.64_9090
Mar 17, 2016 10:47:11 AM org.apache.catalina.startup.VersionLoggerListener log
INFO: Command line argument: -Djava.util.logging.config.file=/Users/Francisco/GitHub/ttt-web-service-noughts-crosses-game-2/juddi-3.3.2_tomcat-7.0.64_9090/conf/logging.properties
Mar 17, 2016 10:47:11 AM org.apache.catalina.startup.VersionLoggerListener log
INFO: Command line argument: -Djava.util.logging.manager=org.apache.juli.ClassLoaderLogManager
Mar 17, 2016 10:47:11 AM org.apache.catalina.startup.VersionLoggerListener log
INFO: Command line argument: -Xms1024m
Mar 17, 2016 10:47:11 AM org.apache.catalina.startup.VersionLoggerListener log
INFO: Command line argument: -Xmx1024m
Mar 17, 2016 10:47:11 AM org.apache.catalina.startup.VersionLoggerListener log
INFO: Command line argument: -XX:MaxPermSize=512m
Mar 17, 2016 10:47:11 AM org.apache.catalina.startup.VersionLoggerListener log
INFO: Command line argument: -XX:PermSize=256M
Mar 17, 2016 10:47:11 AM org.apache.catalina.startup.VersionLoggerListener log
INFO: Command line argument: -Djavax.net.ssl.trustStore=truststore.jks
Mar 17, 2016 10:47:11 AM org.apache.catalina.startup.VersionLoggerListener log
INFO: Command line argument: -Djavax.net.ssl.trustStorePassword=password
Mar 17, 2016 10:47:11 AM org.apache.catalina.startup.VersionLoggerListener log
INFO: Command line argument: -Djavax.net.ssl.keyStore=../conf/keystore.jks
Mar 17, 2016 10:47:11 AM org.apache.catalina.startup.VersionLoggerListener log
INFO: Command line argument: -Djavax.net.ssl.keyStorePassword=password
Mar 17, 2016 10:47:11 AM org.apache.catalina.startup.VersionLoggerListener log
INFO: Command line argument: -Djava.endorsed.dirs=/Users/Francisco/GitHub/ttt-web-service-noughts-crosses-game-2/juddi-3.3.2_tomcat-7.0.64_9090/endorsed
Mar 17, 2016 10:47:11 AM org.apache.catalina.startup.VersionLoggerListener log
INFO: Command line argument: -Dcatalina.base=/Users/Francisco/GitHub/ttt-web-service-noughts-crosses-game-2/juddi-3.3.2_tomcat-7.0.64_9090
Mar 17, 2016 10:47:11 AM org.apache.catalina.startup.VersionLoggerListener log
INFO: Command line argument: -Dcatalina.home=/Users/Francisco/GitHub/ttt-web-service-noughts-crosses-game-2/juddi-3.3.2_tomcat-7.0.64_9090
Mar 17, 2016 10:47:11 AM org.apache.catalina.startup.VersionLoggerListener log
INFO: Command line argument: -Djava.io.tmpdir=/Users/Francisco/GitHub/ttt-web-service-noughts-crosses-game-2/juddi-3.3.2_tomcat-7.0.64_9090/temp
Mar 17, 2016 10:47:11 AM org.apache.catalina.core.AprLifecycleListener lifecycleEvent
INFO: The APR based Apache Tomcat Native library which allows optimal performance in production environments was not found on the java.library.path: /Users/Francisco/Library/Java/Extensions:/Library/Java/Extensions:/Network/Library/Java/Extensions:/System/Library/Java/Extensions:/usr/lib/java:.
Mar 17, 2016 10:47:11 AM org.apache.coyote.AbstractProtocol init
INFO: Initializing ProtocolHandler ["http-bio-9090"]
Mar 17, 2016 10:47:11 AM org.apache.coyote.AbstractProtocol init
INFO: Initializing ProtocolHandler ["http-bio-8443"]
Mar 17, 2016 10:47:11 AM org.apache.coyote.AbstractProtocol init
INFO: Initializing ProtocolHandler ["ajp-bio-8009"]
Mar 17, 2016 10:47:11 AM org.apache.catalina.startup.Catalina load
INFO: Initialization processed in 1490 ms
Mar 17, 2016 10:47:12 AM org.apache.catalina.core.StandardService startInternal
INFO: Starting service Catalina
Mar 17, 2016 10:47:12 AM org.apache.catalina.core.StandardEngine startInternal
INFO: Starting Servlet Engine: Apache Tomcat/7.0.64
Mar 17, 2016 10:47:12 AM org.apache.catalina.startup.HostConfig deployDirectory
INFO: Deploying web application directory /Users/Francisco/GitHub/ttt-web-service-noughts-crosses-game-2/juddi-3.3.2_tomcat-7.0.64_9090/webapps/docs
Mar 17, 2016 10:47:13 AM org.apache.catalina.startup.TldConfig execute
INFO: At least one JAR was scanned for TLDs yet contained no TLDs. Enable debug logging for this logger for a complete list of JARs that were scanned but no TLDs were found in them. Skipping unneeded JARs during scanning can improve startup time and JSP compilation time.
Mar 17, 2016 10:47:13 AM org.apache.catalina.startup.HostConfig deployDirectory
INFO: Deployment of web application directory /Users/Francisco/GitHub/ttt-web-service-noughts-crosses-game-2/juddi-3.3.2_tomcat-7.0.64_9090/webapps/docs has finished in 1,178 ms
Mar 17, 2016 10:47:13 AM org.apache.catalina.startup.HostConfig deployDirectory
INFO: Deploying web application directory /Users/Francisco/GitHub/ttt-web-service-noughts-crosses-game-2/juddi-3.3.2_tomcat-7.0.64_9090/webapps/examples
Mar 17, 2016 10:47:13 AM org.apache.catalina.startup.TldConfig execute
INFO: At least one JAR was scanned for TLDs yet contained no TLDs. Enable debug logging for this logger for a complete list of JARs that were scanned but no TLDs were found in them. Skipping unneeded JARs during scanning can improve startup time and JSP compilation time.
Mar 17, 2016 10:47:14 AM org.apache.catalina.startup.HostConfig deployDirectory
INFO: Deployment of web application directory /Users/Francisco/GitHub/ttt-web-service-noughts-crosses-game-2/juddi-3.3.2_tomcat-7.0.64_9090/webapps/examples has finished in 856 ms
Mar 17, 2016 10:47:14 AM org.apache.catalina.startup.HostConfig deployDirectory
INFO: Deploying web application directory /Users/Francisco/GitHub/ttt-web-service-noughts-crosses-game-2/juddi-3.3.2_tomcat-7.0.64_9090/webapps/host-manager
Mar 17, 2016 10:47:14 AM org.apache.catalina.startup.TldConfig execute
INFO: At least one JAR was scanned for TLDs yet contained no TLDs. Enable debug logging for this logger for a complete list of JARs that were scanned but no TLDs were found in them. Skipping unneeded JARs during scanning can improve startup time and JSP compilation time.
Mar 17, 2016 10:47:14 AM org.apache.catalina.startup.HostConfig deployDirectory
INFO: Deployment of web application directory /Users/Francisco/GitHub/ttt-web-service-noughts-crosses-game-2/juddi-3.3.2_tomcat-7.0.64_9090/webapps/host-manager has finished in 682 ms
Mar 17, 2016 10:47:14 AM org.apache.catalina.startup.HostConfig deployDirectory
INFO: Deploying web application directory /Users/Francisco/GitHub/ttt-web-service-noughts-crosses-game-2/juddi-3.3.2_tomcat-7.0.64_9090/webapps/juddi-gui
Mar 17, 2016 10:47:16 AM org.apache.catalina.startup.TldConfig execute
INFO: At least one JAR was scanned for TLDs yet contained no TLDs. Enable debug logging for this logger for a complete list of JARs that were scanned but no TLDs were found in them. Skipping unneeded JARs during scanning can improve startup time and JSP compilation time.
Mar 17, 2016 10:47:16 AM org.apache.juddi.webconsole.StartupServlet contextInitialized
INFO: juddi-gui startup
Mar 17, 2016 10:47:16 AM org.apache.juddi.webconsole.StartupServlet contextInitialized
INFO: Attempting to generate 256 bit AES key
Mar 17, 2016 10:47:16 AM org.apache.juddi.webconsole.StartupServlet contextInitialized
WARNING: 256 bit key validation failed. To use higher key sizes, try installing the Java Cryptographic Extensions (JCE) Unlimited Strength
Mar 17, 2016 10:47:16 AM org.apache.juddi.webconsole.StartupServlet contextInitialized
INFO: Attempting to generate 128 bit AES key
Mar 17, 2016 10:47:16 AM org.apache.juddi.webconsole.StartupServlet contextInitialized
INFO: Generation of 128 bit AES key successful
Mar 17, 2016 10:47:16 AM org.apache.juddi.webconsole.StartupServlet contextInitialized
INFO: Storing key to /Users/Francisco/GitHub/ttt-web-service-noughts-crosses-game-2/juddi-3.3.2_tomcat-7.0.64_9090/webapps/juddi-gui/META-INF/config.properties
Mar 17, 2016 10:47:16 AM org.apache.catalina.startup.HostConfig deployDirectory
INFO: Deployment of web application directory /Users/Francisco/GitHub/ttt-web-service-noughts-crosses-game-2/juddi-3.3.2_tomcat-7.0.64_9090/webapps/juddi-gui has finished in 2,149 ms
Mar 17, 2016 10:47:16 AM org.apache.catalina.startup.HostConfig deployDirectory
INFO: Deploying web application directory /Users/Francisco/GitHub/ttt-web-service-noughts-crosses-game-2/juddi-3.3.2_tomcat-7.0.64_9090/webapps/juddiv3
Mar 17, 2016 10:47:20 AM org.apache.catalina.startup.TldConfig execute
INFO: At least one JAR was scanned for TLDs yet contained no TLDs. Enable debug logging for this logger for a complete list of JARs that were scanned but no TLDs were found in them. Skipping unneeded JARs during scanning can improve startup time and JSP compilation time.
Mar 17, 2016 10:47:29 AM org.apache.cxf.service.factory.ReflectionServiceFactoryBean buildServiceFromClass
INFO: Creating Service {urn:uddi-org:api_v3_portType}UDDIInquiryService from class org.uddi.v3_service.UDDIInquiryPortType
Mar 17, 2016 10:47:31 AM org.apache.cxf.bus.spring.OldSpringSupport logWarning
WARNING: Import of META-INF/cxf/cxf-extension-soap.xml has been deprecated and is unnecessary.
Mar 17, 2016 10:47:31 AM org.apache.cxf.endpoint.ServerImpl initDestination
INFO: Setting the server's publish address to be /inquiry
Mar 17, 2016 10:47:31 AM org.apache.cxf.service.factory.ReflectionServiceFactoryBean buildServiceFromClass
INFO: Creating Service {urn:uddi-org:api_v3_portType}UDDIPublicationService from class org.uddi.v3_service.UDDIPublicationPortType
Mar 17, 2016 10:47:32 AM org.apache.cxf.endpoint.ServerImpl initDestination
INFO: Setting the server's publish address to be /publish
Mar 17, 2016 10:47:32 AM org.apache.cxf.service.factory.ReflectionServiceFactoryBean buildServiceFromClass
INFO: Creating Service {urn:uddi-org:api_v3_portType}UDDISecurityService from class org.uddi.v3_service.UDDISecurityPortType
Mar 17, 2016 10:47:32 AM org.apache.cxf.endpoint.ServerImpl initDestination
INFO: Setting the server's publish address to be /security
Mar 17, 2016 10:47:32 AM org.apache.cxf.service.factory.ReflectionServiceFactoryBean buildServiceFromClass
INFO: Creating Service {urn:uddi-org:api_v3_portType}UDDISubscriptionService from class org.uddi.v3_service.UDDISubscriptionPortType
Mar 17, 2016 10:47:33 AM org.apache.cxf.endpoint.ServerImpl initDestination
INFO: Setting the server's publish address to be /subscription
Mar 17, 2016 10:47:33 AM org.apache.cxf.service.factory.ReflectionServiceFactoryBean buildServiceFromClass
INFO: Creating Service {urn:uddi-org:api_v3_portType}UDDISubscriptionListenerService from class org.uddi.v3_service.UDDISubscriptionListenerPortType
Mar 17, 2016 10:47:33 AM org.apache.cxf.endpoint.ServerImpl initDestination
INFO: Setting the server's publish address to be /subscription-listener
Mar 17, 2016 10:47:33 AM org.apache.cxf.service.factory.ReflectionServiceFactoryBean buildServiceFromClass
INFO: Creating Service {urn:uddi-org:v3_service}UDDICustodyTransferService from class org.uddi.v3_service.UDDICustodyTransferPortType
Mar 17, 2016 10:47:33 AM org.apache.cxf.endpoint.ServerImpl initDestination
INFO: Setting the server's publish address to be /custody-transfer
Mar 17, 2016 10:47:33 AM org.apache.cxf.service.factory.ReflectionServiceFactoryBean buildServiceFromClass
INFO: Creating Service {http://impl.api.juddi.apache.org/}UDDIValueSetValidationImplService from class org.uddi.v3_service.UDDIValueSetValidationPortType
Mar 17, 2016 10:47:33 AM org.apache.cxf.endpoint.ServerImpl initDestination
INFO: Setting the server's publish address to be /valueset-validation
Mar 17, 2016 10:47:33 AM org.apache.cxf.service.factory.ReflectionServiceFactoryBean buildServiceFromClass
INFO: Creating Service {http://impl.api.juddi.apache.org/}UDDIValueSetCachingImplService from class org.uddi.v3_service.UDDIValueSetCachingPortType
Mar 17, 2016 10:47:34 AM org.apache.cxf.endpoint.ServerImpl initDestination
INFO: Setting the server's publish address to be /valueset-caching
Mar 17, 2016 10:47:34 AM org.apache.cxf.service.factory.ReflectionServiceFactoryBean buildServiceFromClass
INFO: Creating Service {urn:uddi-org:inquiry_v2}Inquire from class org.uddi.v2_service.Inquire
Mar 17, 2016 10:47:34 AM org.apache.cxf.endpoint.ServerImpl initDestination
INFO: Setting the server's publish address to be /inquiryv2
Mar 17, 2016 10:47:34 AM org.apache.cxf.service.factory.ReflectionServiceFactoryBean buildServiceFromClass
INFO: Creating Service {urn:uddi-org:publication_v2}Publish from class org.uddi.v2_service.Publish
Mar 17, 2016 10:47:34 AM org.apache.cxf.endpoint.ServerImpl initDestination
INFO: Setting the server's publish address to be /publishv2
Mar 17, 2016 10:47:34 AM org.apache.cxf.service.factory.ReflectionServiceFactoryBean buildServiceFromWSDL
INFO: Creating Service {urn:juddi-apache-org:v3_service}JUDDIApiService from WSDL: classpath:/juddi_api_v1.wsdl
Mar 17, 2016 10:47:35 AM org.apache.cxf.endpoint.ServerImpl initDestination
INFO: Setting the server's publish address to be /juddi-api
Mar 17, 2016 10:47:35 AM org.apache.cxf.endpoint.ServerImpl initDestination
INFO: Setting the server's publish address to be /inquiryRest
Mar 17, 2016 10:47:35 AM org.apache.juddi.adminconsole.StartupServlet contextInitialized
INFO: juddi-admin gui startup
Mar 17, 2016 10:47:35 AM org.apache.juddi.adminconsole.StartupServlet contextInitialized
INFO: Attempting to generate 256 bit AES key
Mar 17, 2016 10:47:35 AM org.apache.juddi.adminconsole.StartupServlet contextInitialized
WARNING: 256 bit key validation failed. To use higher key sizes, try installing the Java Cryptographic Extensions (JCE) Unlimited Strength
Mar 17, 2016 10:47:35 AM org.apache.juddi.adminconsole.StartupServlet contextInitialized
INFO: Attempting to generate 128 bit AES key
Mar 17, 2016 10:47:35 AM org.apache.juddi.adminconsole.StartupServlet contextInitialized
INFO: Generation of 128 bit AES key successful
Mar 17, 2016 10:47:35 AM org.apache.juddi.adminconsole.StartupServlet contextInitialized
INFO: Storing key to /Users/Francisco/GitHub/ttt-web-service-noughts-crosses-game-2/juddi-3.3.2_tomcat-7.0.64_9090/webapps/juddiv3/WEB-INF/config.properties
Mar 17, 2016 10:47:35 AM org.apache.catalina.startup.HostConfig deployDirectory
INFO: Deployment of web application directory /Users/Francisco/GitHub/ttt-web-service-noughts-crosses-game-2/juddi-3.3.2_tomcat-7.0.64_9090/webapps/juddiv3 has finished in 19,052 ms
Mar 17, 2016 10:47:35 AM org.apache.catalina.startup.HostConfig deployDirectory
INFO: Deploying web application directory /Users/Francisco/GitHub/ttt-web-service-noughts-crosses-game-2/juddi-3.3.2_tomcat-7.0.64_9090/webapps/juddiv3replication
Mar 17, 2016 10:47:40 AM org.apache.catalina.startup.TldConfig execute
INFO: At least one JAR was scanned for TLDs yet contained no TLDs. Enable debug logging for this logger for a complete list of JARs that were scanned but no TLDs were found in them. Skipping unneeded JARs during scanning can improve startup time and JSP compilation time.
Mar 17, 2016 10:47:45 AM org.apache.cxf.service.factory.ReflectionServiceFactoryBean buildServiceFromClass
INFO: Creating Service {urn:uddi-org:api_v3_portType}UDDI_Replication_PortType from class org.uddi.v3_service.UDDIReplicationPortType
Mar 17, 2016 10:47:48 AM org.apache.cxf.bus.spring.OldSpringSupport logWarning
WARNING: Import of META-INF/cxf/cxf-extension-soap.xml has been deprecated and is unnecessary.
Mar 17, 2016 10:47:48 AM org.apache.cxf.endpoint.ServerImpl initDestination
INFO: Setting the server's publish address to be /replication
Mar 17, 2016 10:47:48 AM org.apache.juddi.adminconsole.StartupServlet contextInitialized
INFO: juddi-admin gui startup
Mar 17, 2016 10:47:48 AM org.apache.juddi.adminconsole.StartupServlet contextInitialized
INFO: Attempting to generate 256 bit AES key
Mar 17, 2016 10:47:48 AM org.apache.juddi.adminconsole.StartupServlet contextInitialized
WARNING: 256 bit key validation failed. To use higher key sizes, try installing the Java Cryptographic Extensions (JCE) Unlimited Strength
Mar 17, 2016 10:47:48 AM org.apache.juddi.adminconsole.StartupServlet contextInitialized
INFO: Attempting to generate 128 bit AES key
Mar 17, 2016 10:47:48 AM org.apache.juddi.adminconsole.StartupServlet contextInitialized
INFO: Generation of 128 bit AES key successful
Mar 17, 2016 10:47:48 AM org.apache.juddi.adminconsole.StartupServlet contextInitialized
INFO: Storing key to /Users/Francisco/GitHub/ttt-web-service-noughts-crosses-game-2/juddi-3.3.2_tomcat-7.0.64_9090/webapps/juddiv3replication/WEB-INF/config.properties
Mar 17, 2016 10:47:49 AM org.apache.catalina.startup.HostConfig deployDirectory
INFO: Deployment of web application directory /Users/Francisco/GitHub/ttt-web-service-noughts-crosses-game-2/juddi-3.3.2_tomcat-7.0.64_9090/webapps/juddiv3replication has finished in 13,458 ms
Mar 17, 2016 10:47:49 AM org.apache.catalina.startup.HostConfig deployDirectory
INFO: Deploying web application directory /Users/Francisco/GitHub/ttt-web-service-noughts-crosses-game-2/juddi-3.3.2_tomcat-7.0.64_9090/webapps/manager
Mar 17, 2016 10:47:50 AM org.apache.catalina.startup.TldConfig execute
INFO: At least one JAR was scanned for TLDs yet contained no TLDs. Enable debug logging for this logger for a complete list of JARs that were scanned but no TLDs were found in them. Skipping unneeded JARs during scanning can improve startup time and JSP compilation time.
Mar 17, 2016 10:47:50 AM org.apache.catalina.startup.HostConfig deployDirectory
INFO: Deployment of web application directory /Users/Francisco/GitHub/ttt-web-service-noughts-crosses-game-2/juddi-3.3.2_tomcat-7.0.64_9090/webapps/manager has finished in 943 ms
Mar 17, 2016 10:47:50 AM org.apache.catalina.startup.HostConfig deployDirectory
INFO: Deploying web application directory /Users/Francisco/GitHub/ttt-web-service-noughts-crosses-game-2/juddi-3.3.2_tomcat-7.0.64_9090/webapps/ROOT
Mar 17, 2016 10:47:51 AM org.apache.catalina.startup.TldConfig execute
INFO: At least one JAR was scanned for TLDs yet contained no TLDs. Enable debug logging for this logger for a complete list of JARs that were scanned but no TLDs were found in them. Skipping unneeded JARs during scanning can improve startup time and JSP compilation time.
Mar 17, 2016 10:47:51 AM org.apache.catalina.startup.HostConfig deployDirectory
INFO: Deployment of web application directory /Users/Francisco/GitHub/ttt-web-service-noughts-crosses-game-2/juddi-3.3.2_tomcat-7.0.64_9090/webapps/ROOT has finished in 1,311 ms
Mar 17, 2016 10:47:51 AM org.apache.coyote.AbstractProtocol start
INFO: Starting ProtocolHandler ["http-bio-9090"]
Mar 17, 2016 10:47:51 AM org.apache.coyote.AbstractProtocol start
INFO: Starting ProtocolHandler ["http-bio-8443"]
Mar 17, 2016 10:47:51 AM org.apache.coyote.AbstractProtocol start
INFO: Starting ProtocolHandler ["ajp-bio-8009"]
Mar 17, 2016 10:47:51 AM org.apache.catalina.startup.Catalina start
INFO: Server startup in 39729 ms
