2016-03-14 15:03:47,963 INFO [org.apache.juddi.gui] - Key validation failed! Illegal key size or default parameters
2016-03-14 15:03:52,342 INFO [org.springframework.web.context.ContextLoader] - Root WebApplicationContext: initialization started
2016-03-14 15:03:52,443 INFO [org.springframework.web.context.support.XmlWebApplicationContext] - Refreshing Root WebApplicationContext: startup date [Mon Mar 14 15:03:52 WET 2016]; root of context hierarchy
2016-03-14 15:03:52,501 INFO [org.springframework.beans.factory.xml.XmlBeanDefinitionReader] - Loading XML bean definitions from ServletContext resource [/WEB-INF/beans.xml]
2016-03-14 15:03:53,006 INFO [org.springframework.beans.factory.xml.XmlBeanDefinitionReader] - Loading XML bean definitions from class path resource [META-INF/cxf/cxf.xml]
2016-03-14 15:03:53,069 INFO [org.springframework.beans.factory.xml.XmlBeanDefinitionReader] - Loading XML bean definitions from class path resource [META-INF/cxf/cxf-extension-soap.xml]
2016-03-14 15:03:53,117 INFO [org.springframework.beans.factory.xml.XmlBeanDefinitionReader] - Loading XML bean definitions from class path resource [META-INF/cxf/cxf-servlet.xml]
2016-03-14 15:03:53,501 INFO [org.springframework.beans.factory.support.DefaultListableBeanFactory] - Pre-instantiating singletons in org.springframework.beans.factory.support.DefaultListableBeanFactory@1e076353: defining beans [cxf,org.apache.cxf.bus.spring.BusWiringBeanFactoryPostProcessor,org.apache.cxf.bus.spring.Jsr250BeanPostProcessor,org.apache.cxf.bus.spring.BusExtensionPostProcessor,org.apache.cxf.binding.soap.SoapBindingFactory,org.apache.cxf.binding.soap.SoapTransportFactory,org.apache.cxf.binding.soap.customEditorConfigurer,inquiry,publish,security,subscription,subscription-listener,custody-transfer,valueset-validation,valueset-caching,inquiryv2,publishv2,juddi-api,jsonNamespaceMap,inquiryRestService,inquiryRest,jsonProvider,jaxbProvider]; root of factory hierarchy
2016-03-14 15:03:53,724 INFO [org.apache.juddi.config.AppConfig] - Reading from jUDDI config file from:  file:/Users/Francisco/GitHub/ttt-web-service-noughts-crosses-game-2/juddi-3.3.2_tomcat-7.0.64_9090/webapps/juddiv3/WEB-INF/classes/juddiv3.xml
2016-03-14 15:03:53,910 WARN [org.hibernate.ejb.HibernatePersistence] - HHH015016: Encountered a deprecated javax.persistence.spi.PersistenceProvider [org.hibernate.ejb.HibernatePersistence]; use [org.hibernate.jpa.HibernatePersistenceProvider] instead.
2016-03-14 15:03:53,910 WARN [org.hibernate.ejb.HibernatePersistence] - HHH015016: Encountered a deprecated javax.persistence.spi.PersistenceProvider [org.hibernate.ejb.HibernatePersistence]; use [org.hibernate.jpa.HibernatePersistenceProvider] instead.
2016-03-14 15:03:53,910 WARN [org.hibernate.ejb.HibernatePersistence] - HHH015016: Encountered a deprecated javax.persistence.spi.PersistenceProvider [org.hibernate.ejb.HibernatePersistence]; use [org.hibernate.jpa.HibernatePersistenceProvider] instead.
2016-03-14 15:03:59,435 INFO [org.apache.juddi.config.Install] - Checking if jUDDI is seeded by searching for root publisher root
2016-03-14 15:03:59,760 INFO [org.apache.juddi.config.AppConfig] - The 'root' publisher was not found, loading...
2016-03-14 15:03:59,760 INFO [org.apache.juddi.config.Install] - Checking if jUDDI is seeded by searching for root publisher root
2016-03-14 15:03:59,762 INFO [org.apache.juddi.config.Install] - Loading the content of file: jar:file:/Users/Francisco/GitHub/ttt-web-service-noughts-crosses-game-2/juddi-3.3.2_tomcat-7.0.64_9090/webapps/juddiv3/WEB-INF/lib/juddi-core-openjpa-3.3.2.jar!/juddi_install_data/root_tModelKeyGen.xml
2016-03-14 15:04:00,356 INFO [org.apache.juddi.config.Install] - Loading the content of file: jar:file:/Users/Francisco/GitHub/ttt-web-service-noughts-crosses-game-2/juddi-3.3.2_tomcat-7.0.64_9090/webapps/juddiv3/WEB-INF/lib/juddi-core-openjpa-3.3.2.jar!/juddi_install_data/root_BusinessEntity.xml
2016-03-14 15:04:00,570 INFO [org.apache.juddi.config.Install] - Loading the content of file: jar:file:/Users/Francisco/GitHub/ttt-web-service-noughts-crosses-game-2/juddi-3.3.2_tomcat-7.0.64_9090/webapps/juddiv3/WEB-INF/lib/juddi-core-openjpa-3.3.2.jar!/juddi_install_data/root_replicationConfiguration.xml
2016-03-14 15:04:00,708 INFO [org.apache.juddi.config.Install] - Loading the root Publisher from file root_Publisher.xml
2016-03-14 15:04:00,709 INFO [org.apache.juddi.config.Install] - Loading the content of file: jar:file:/Users/Francisco/GitHub/ttt-web-service-noughts-crosses-game-2/juddi-3.3.2_tomcat-7.0.64_9090/webapps/juddiv3/WEB-INF/lib/juddi-core-openjpa-3.3.2.jar!/juddi_install_data/root_Publisher.xml
2016-03-14 15:04:01,725 INFO [org.apache.juddi.config.Install] - replacing tokens on repl config
2016-03-14 15:04:01,726 INFO [org.apache.juddi.config.Install] - replacing tokens on repl config, done
2016-03-14 15:04:01,728 WARN [org.apache.juddi.validation.ValidateReplication] - Hey, you should consider encrypting your trust store password!
2016-03-14 15:04:02,205 INFO [org.apache.juddi.config.Install] - Loading the content of file: jar:file:/Users/Francisco/GitHub/ttt-web-service-noughts-crosses-game-2/juddi-3.3.2_tomcat-7.0.64_9090/webapps/juddiv3/WEB-INF/lib/juddi-core-openjpa-3.3.2.jar!/juddi_install_data/UDDI_Publisher.xml
2016-03-14 15:04:02,352 INFO [org.apache.juddi.config.Install] - Loading the content of file: jar:file:/Users/Francisco/GitHub/ttt-web-service-noughts-crosses-game-2/juddi-3.3.2_tomcat-7.0.64_9090/webapps/juddiv3/WEB-INF/lib/juddi-core-openjpa-3.3.2.jar!/juddi_install_data/UDDI_tModels.xml
2016-03-14 15:04:04,497 INFO [org.apache.juddi.api.impl.UDDIServiceCounter] - Found MBean server
2016-03-14 15:04:06,251 INFO [org.apache.juddi.api.impl.UDDIServiceCounter] - Found MBean server
2016-03-14 15:04:06,737 INFO [org.apache.juddi.api.impl.UDDIServiceCounter] - Found MBean server
2016-03-14 15:04:07,064 INFO [org.apache.juddi.api.impl.UDDIServiceCounter] - Found MBean server
2016-03-14 15:04:08,107 INFO [org.apache.juddi.api.impl.UDDIServiceCounter] - Found MBean server
2016-03-14 15:04:08,392 INFO [org.apache.juddi.api.impl.UDDIServiceCounter] - Found MBean server
2016-03-14 15:04:09,337 INFO [org.apache.juddi.api.impl.UDDIServiceCounter] - Found MBean server
2016-03-14 15:04:09,662 WARN [org.apache.juddi.api.impl.UDDIv2InquiryImpl] - This implementation of UDDIv2 Inquire service org.apache.juddi.api.impl.UDDIv2InquiryImpl is considered BETA. Please report any issues to https://issues.apache.org/jira/browse/JUDDI
2016-03-14 15:04:09,977 WARN [org.apache.juddi.api.impl.UDDIv2PublishImpl] - This implementation of UDDIv2 Publish service org.apache.juddi.api.impl.UDDIv2PublishImpl is considered BETA. Please report any issues to https://issues.apache.org/jira/browse/JUDDI
2016-03-14 15:04:10,173 INFO [org.apache.juddi.api.impl.UDDIServiceCounter] - Found MBean server
2016-03-14 15:04:12,211 INFO [org.springframework.web.context.ContextLoader] - Root WebApplicationContext: initialization completed in 19869 ms
2016-03-14 15:04:12,226 INFO [org.apache.juddi.gui] - Key validation failed! Illegal key size or default parameters
2016-03-14 15:04:12,245 INFO [org.apache.juddi.Registry] - Starting jUDDI registry...This is node uddi:juddi.apache.org:node1
2016-03-14 15:04:12,252 INFO [org.apache.juddi.config.AppConfig] - Reading from jUDDI config file from:  file:/Users/Francisco/GitHub/ttt-web-service-noughts-crosses-game-2/juddi-3.3.2_tomcat-7.0.64_9090/webapps/juddiv3/WEB-INF/classes/juddiv3.xml
2016-03-14 15:04:12,253 INFO [org.apache.juddi.config.Install] - Checking if jUDDI is seeded by searching for root publisher root
2016-03-14 15:04:12,272 INFO [org.apache.juddi.Registry] - jUDDI registry started successfully.
2016-03-14 15:04:15,845 INFO [org.springframework.web.context.ContextLoader] - Root WebApplicationContext: initialization started
2016-03-14 15:04:15,933 INFO [org.springframework.web.context.support.XmlWebApplicationContext] - Refreshing Root WebApplicationContext: startup date [Mon Mar 14 15:04:15 WET 2016]; root of context hierarchy
2016-03-14 15:04:15,997 INFO [org.springframework.beans.factory.xml.XmlBeanDefinitionReader] - Loading XML bean definitions from ServletContext resource [/WEB-INF/beans.xml]
2016-03-14 15:04:16,053 INFO [org.springframework.beans.factory.xml.XmlBeanDefinitionReader] - Loading XML bean definitions from class path resource [META-INF/cxf/cxf.xml]
2016-03-14 15:04:16,086 INFO [org.springframework.beans.factory.xml.XmlBeanDefinitionReader] - Loading XML bean definitions from class path resource [META-INF/cxf/cxf-extension-soap.xml]
2016-03-14 15:04:16,111 INFO [org.springframework.beans.factory.xml.XmlBeanDefinitionReader] - Loading XML bean definitions from class path resource [META-INF/cxf/cxf-servlet.xml]
2016-03-14 15:04:16,366 INFO [org.springframework.beans.factory.support.DefaultListableBeanFactory] - Pre-instantiating singletons in org.springframework.beans.factory.support.DefaultListableBeanFactory@427da459: defining beans [cxf,org.apache.cxf.bus.spring.BusWiringBeanFactoryPostProcessor,org.apache.cxf.bus.spring.Jsr250BeanPostProcessor,org.apache.cxf.bus.spring.BusExtensionPostProcessor,org.apache.cxf.binding.soap.SoapBindingFactory,org.apache.cxf.binding.soap.SoapTransportFactory,org.apache.cxf.binding.soap.customEditorConfigurer,replication]; root of factory hierarchy
2016-03-14 15:04:16,605 INFO [org.apache.juddi.config.AppConfig] - Reading from jUDDI config file from:  file:/Users/Francisco/GitHub/ttt-web-service-noughts-crosses-game-2/juddi-3.3.2_tomcat-7.0.64_9090/webapps/juddiv3replication/WEB-INF/classes/juddiv3.xml
2016-03-14 15:04:16,737 WARN [org.hibernate.ejb.HibernatePersistence] - HHH015016: Encountered a deprecated javax.persistence.spi.PersistenceProvider [org.hibernate.ejb.HibernatePersistence]; use [org.hibernate.jpa.HibernatePersistenceProvider] instead.
2016-03-14 15:04:16,737 WARN [org.hibernate.ejb.HibernatePersistence] - HHH015016: Encountered a deprecated javax.persistence.spi.PersistenceProvider [org.hibernate.ejb.HibernatePersistence]; use [org.hibernate.jpa.HibernatePersistenceProvider] instead.
2016-03-14 15:04:16,737 WARN [org.hibernate.ejb.HibernatePersistence] - HHH015016: Encountered a deprecated javax.persistence.spi.PersistenceProvider [org.hibernate.ejb.HibernatePersistence]; use [org.hibernate.jpa.HibernatePersistenceProvider] instead.
2016-03-14 15:04:17,246 INFO [org.apache.juddi.replication.ReplicationNotifier] - Replication, Notifying nodes of new change records. 140 queued
2016-03-14 15:04:17,376 INFO [org.apache.juddi.replication.ReplicationNotifier] - CR saved locally, it was from uddi:juddi.apache.org:node1 USN:1 Type:ChangeRecordNewData Key:uddi:juddi.apache.org:node1 Local id:1
2016-03-14 15:04:17,820 INFO [org.apache.juddi.replication.ReplicationNotifier] - CR saved locally, it was from uddi:juddi.apache.org:node1 USN:2 Type:ChangeRecordNewData Key:uddi:uddi.org:categorization:types Local id:2
2016-03-14 15:04:17,898 INFO [org.apache.juddi.replication.ReplicationNotifier] - CR saved locally, it was from uddi:juddi.apache.org:node1 USN:3 Type:ChangeRecordNewData Key:uddi:uddi.org:categorization:general_keywords Local id:3
2016-03-14 15:04:17,935 INFO [org.apache.juddi.replication.ReplicationNotifier] - CR saved locally, it was from uddi:juddi.apache.org:node1 USN:4 Type:ChangeRecordNewData Key:uddi:uddi.org:v3_inquiry Local id:4
2016-03-14 15:04:17,967 INFO [org.apache.juddi.replication.ReplicationNotifier] - CR saved locally, it was from uddi:juddi.apache.org:node1 USN:5 Type:ChangeRecordNewData Key:uddi:uddi.org:categorization:nodes Local id:5
2016-03-14 15:04:18,003 INFO [org.apache.juddi.replication.ReplicationNotifier] - CR saved locally, it was from uddi:juddi.apache.org:node1 USN:6 Type:ChangeRecordNewData Key:uddi:uddi.org:v3_publication Local id:6
2016-03-14 15:04:18,047 INFO [org.apache.juddi.replication.ReplicationNotifier] - CR saved locally, it was from uddi:juddi.apache.org:node1 USN:7 Type:ChangeRecordNewData Key:uddi:uddi.org:v3_security Local id:7
2016-03-14 15:04:18,120 INFO [org.apache.juddi.replication.ReplicationNotifier] - CR saved locally, it was from uddi:juddi.apache.org:node1 USN:8 Type:ChangeRecordNewData Key:uddi:uddi.org:relationships Local id:8
2016-03-14 15:04:18,214 INFO [org.apache.juddi.replication.ReplicationNotifier] - CR saved locally, it was from uddi:juddi.apache.org:node1 USN:9 Type:ChangeRecordNewData Key:uddi:uddi.org:categorization:owningbusiness Local id:9
2016-03-14 15:04:18,316 INFO [org.apache.juddi.replication.ReplicationNotifier] - CR saved locally, it was from uddi:juddi.apache.org:node1 USN:10 Type:ChangeRecordNewData Key:uddi:uddi.org:identifier:isreplacedby Local id:10
2016-03-14 15:04:18,348 INFO [org.apache.juddi.replication.ReplicationNotifier] - CR saved locally, it was from uddi:juddi.apache.org:node1 USN:11 Type:ChangeRecordNewData Key:uddi:uddi.org:identifier:taxid Local id:11
2016-03-14 15:04:18,557 INFO [org.apache.juddi.replication.ReplicationNotifier] - CR saved locally, it was from uddi:juddi.apache.org:node1 USN:12 Type:ChangeRecordNewData Key:uddi:uddi.org:categorization:validatedby Local id:12
2016-03-14 15:04:18,674 INFO [org.apache.juddi.replication.ReplicationNotifier] - CR saved locally, it was from uddi:juddi.apache.org:node1 USN:13 Type:ChangeRecordNewData Key:uddi:uddi.org:categorization:derivedfrom Local id:13
2016-03-14 15:04:18,697 INFO [org.apache.juddi.replication.ReplicationNotifier] - CR saved locally, it was from uddi:juddi.apache.org:node1 USN:14 Type:ChangeRecordNewData Key:uuid:5678dd4f-f95d-35f9-9ea6-f79a7dd64656 Local id:14
2016-03-14 15:04:18,754 INFO [org.apache.juddi.replication.ReplicationNotifier] - CR saved locally, it was from uddi:juddi.apache.org:node1 USN:15 Type:ChangeRecordNewData Key:uddi:uddi.org:categorization:entitykeyvalues Local id:15
2016-03-14 15:04:18,784 INFO [org.apache.juddi.replication.ReplicationNotifier] - CR saved locally, it was from uddi:juddi.apache.org:node1 USN:16 Type:ChangeRecordNewData Key:uuid:916b87bf-0756-3919-8eae-97dfa325e5a4 Local id:16
2016-03-14 15:04:18,838 INFO [org.apache.juddi.replication.ReplicationNotifier] - CR saved locally, it was from uddi:juddi.apache.org:node1 USN:17 Type:ChangeRecordNewData Key:uddi:uddi.org:protocol:serverauthenticatedssl3 Local id:17
2016-03-14 15:04:18,894 INFO [org.apache.juddi.replication.ReplicationNotifier] - CR saved locally, it was from uddi:juddi.apache.org:node1 USN:18 Type:ChangeRecordNewData Key:uddi:uddi.org:protocol:mutualauthenticatedssl3 Local id:18
2016-03-14 15:04:18,941 INFO [org.apache.juddi.replication.ReplicationNotifier] - CR saved locally, it was from uddi:juddi.apache.org:node1 USN:19 Type:ChangeRecordNewData Key:uuid:9555b5b6-55d4-3b0e-bb17-e084fed4e33f Local id:19
2016-03-14 15:04:19,009 INFO [org.apache.juddi.replication.ReplicationNotifier] - CR saved locally, it was from uddi:juddi.apache.org:node1 USN:20 Type:ChangeRecordNewData Key:uddi:uddi.org:transport:http Local id:20
2016-03-14 15:04:19,047 INFO [org.apache.juddi.replication.ReplicationNotifier] - CR saved locally, it was from uddi:juddi.apache.org:node1 USN:21 Type:ChangeRecordNewData Key:uuid:68de9e80-ad09-469d-8a37-088422bfbc36 Local id:21
2016-03-14 15:04:19,104 INFO [org.apache.juddi.replication.ReplicationNotifier] - CR saved locally, it was from uddi:juddi.apache.org:node1 USN:22 Type:ChangeRecordNewData Key:uddi:uddi.org:transport:smtp Local id:22
2016-03-14 15:04:19,127 INFO [org.apache.juddi.replication.ReplicationNotifier] - CR saved locally, it was from uddi:juddi.apache.org:node1 USN:23 Type:ChangeRecordNewData Key:uuid:93335d49-3efb-48a0-acea-ea102b60ddc6 Local id:23
2016-03-14 15:04:19,165 INFO [org.apache.juddi.replication.ReplicationNotifier] - CR saved locally, it was from uddi:juddi.apache.org:node1 USN:24 Type:ChangeRecordNewData Key:uddi:uddi.org:transport:userfriendlysmtp Local id:24
2016-03-14 15:04:19,194 INFO [org.apache.juddi.replication.ReplicationNotifier] - CR saved locally, it was from uddi:juddi.apache.org:node1 USN:25 Type:ChangeRecordNewData Key:uddi:uddi.org:transport:ftp Local id:25
2016-03-14 15:04:19,219 INFO [org.apache.juddi.replication.ReplicationNotifier] - CR saved locally, it was from uddi:juddi.apache.org:node1 USN:26 Type:ChangeRecordNewData Key:uuid:5fcf5cd0-629a-4c50-8b16-f94e9cf2a674 Local id:26
2016-03-14 15:04:19,252 INFO [org.apache.juddi.replication.ReplicationNotifier] - CR saved locally, it was from uddi:juddi.apache.org:node1 USN:27 Type:ChangeRecordNewData Key:uddi:uddi.org:transport:fax Local id:27
2016-03-14 15:04:19,270 INFO [org.apache.juddi.replication.ReplicationNotifier] - CR saved locally, it was from uddi:juddi.apache.org:node1 USN:28 Type:ChangeRecordNewData Key:uddi:uddi.org:transport:telephone Local id:28
2016-03-14 15:04:19,296 INFO [org.apache.juddi.replication.ReplicationNotifier] - CR saved locally, it was from uddi:juddi.apache.org:node1 USN:29 Type:ChangeRecordNewData Key:uddi:uddi.org:transport:rmi Local id:29
2016-03-14 15:04:19,319 INFO [org.apache.juddi.replication.ReplicationNotifier] - CR saved locally, it was from uddi:juddi.apache.org:node1 USN:30 Type:ChangeRecordNewData Key:uddi:uddi.org:transport:jndi-rmi Local id:30
2016-03-14 15:04:19,355 INFO [org.apache.juddi.replication.ReplicationNotifier] - CR saved locally, it was from uddi:juddi.apache.org:node1 USN:31 Type:ChangeRecordNewData Key:uddi:uddi.org:transport:amqp Local id:31
2016-03-14 15:04:19,375 INFO [org.apache.juddi.replication.ReplicationNotifier] - CR saved locally, it was from uddi:juddi.apache.org:node1 USN:32 Type:ChangeRecordNewData Key:uddi:uddi.org:transport:omgdds Local id:32
2016-03-14 15:04:19,409 INFO [org.apache.juddi.replication.ReplicationNotifier] - CR saved locally, it was from uddi:juddi.apache.org:node1 USN:33 Type:ChangeRecordNewData Key:uddi:uddi.org:transport:udp Local id:33
2016-03-14 15:04:19,459 INFO [org.apache.juddi.replication.ReplicationNotifier] - CR saved locally, it was from uddi:juddi.apache.org:node1 USN:34 Type:ChangeRecordNewData Key:uddi:uddi.org:transport:jms Local id:34
2016-03-14 15:04:19,501 INFO [org.apache.juddi.replication.ReplicationNotifier] - CR saved locally, it was from uddi:juddi.apache.org:node1 USN:35 Type:ChangeRecordNewData Key:uddi:uddi.org:protocol:rest Local id:35
2016-03-14 15:04:19,529 INFO [org.apache.juddi.replication.ReplicationNotifier] - CR saved locally, it was from uddi:juddi.apache.org:node1 USN:36 Type:ChangeRecordNewData Key:uddi:uddi.org:findqualifier:approximatematch Local id:36
2016-03-14 15:04:19,556 INFO [org.apache.juddi.replication.ReplicationNotifier] - CR saved locally, it was from uddi:juddi.apache.org:node1 USN:37 Type:ChangeRecordNewData Key:uddi:uddi.org:findqualifier:exactmatch Local id:37
2016-03-14 15:04:19,587 INFO [org.apache.juddi.replication.ReplicationNotifier] - CR saved locally, it was from uddi:juddi.apache.org:node1 USN:38 Type:ChangeRecordNewData Key:uddi:uddi.org:findqualifier:caseinsensitivematch Local id:38
2016-03-14 15:04:19,620 INFO [org.apache.juddi.replication.ReplicationNotifier] - CR saved locally, it was from uddi:juddi.apache.org:node1 USN:39 Type:ChangeRecordNewData Key:uddi:uddi.org:findqualifier:casesensitivematch Local id:39
2016-03-14 15:04:19,649 INFO [org.apache.juddi.replication.ReplicationNotifier] - CR saved locally, it was from uddi:juddi.apache.org:node1 USN:40 Type:ChangeRecordNewData Key:uddi:uddi.org:findqualifier:diacriticsinsensitivematch Local id:40
2016-03-14 15:04:19,667 INFO [org.apache.juddi.replication.ReplicationNotifier] - CR saved locally, it was from uddi:juddi.apache.org:node1 USN:41 Type:ChangeRecordNewData Key:uddi:uddi.org:findqualifier:diacriticssensitivematch Local id:41
2016-03-14 15:04:19,697 INFO [org.apache.juddi.replication.ReplicationNotifier] - CR saved locally, it was from uddi:juddi.apache.org:node1 USN:42 Type:ChangeRecordNewData Key:uddi:uddi.org:sortorder:binarysort Local id:42
2016-03-14 15:04:19,784 INFO [org.apache.juddi.replication.ReplicationNotifier] - CR saved locally, it was from uddi:juddi.apache.org:node1 USN:43 Type:ChangeRecordNewData Key:uddi:uddi.org:sortorder:uts-10 Local id:43
2016-03-14 15:04:19,849 INFO [org.apache.juddi.replication.ReplicationNotifier] - CR saved locally, it was from uddi:juddi.apache.org:node1 USN:44 Type:ChangeRecordNewData Key:uddi:uddi.org:findqualifier:caseinsensitivesort Local id:44
2016-03-14 15:04:19,904 INFO [org.apache.juddi.replication.ReplicationNotifier] - CR saved locally, it was from uddi:juddi.apache.org:node1 USN:45 Type:ChangeRecordNewData Key:uddi:uddi.org:findqualifier:casesensitivesort Local id:45
2016-03-14 15:04:19,925 INFO [org.apache.juddi.replication.ReplicationNotifier] - CR saved locally, it was from uddi:juddi.apache.org:node1 USN:46 Type:ChangeRecordNewData Key:uddi:uddi.org:findqualifier:sortbynameasc Local id:46
2016-03-14 15:04:19,946 INFO [org.apache.juddi.replication.ReplicationNotifier] - CR saved locally, it was from uddi:juddi.apache.org:node1 USN:47 Type:ChangeRecordNewData Key:uddi:uddi.org:findqualifier:sortbynamedesc Local id:47
2016-03-14 15:04:19,968 INFO [org.apache.juddi.replication.ReplicationNotifier] - CR saved locally, it was from uddi:juddi.apache.org:node1 USN:48 Type:ChangeRecordNewData Key:uddi:uddi.org:findqualifier:sortbydateasc Local id:48
2016-03-14 15:04:19,987 INFO [org.apache.juddi.replication.ReplicationNotifier] - CR saved locally, it was from uddi:juddi.apache.org:node1 USN:49 Type:ChangeRecordNewData Key:uddi:uddi.org:findqualifier:sortbydatedesc Local id:49
2016-03-14 15:04:20,026 INFO [org.apache.juddi.replication.ReplicationNotifier] - CR saved locally, it was from uddi:juddi.apache.org:node1 USN:50 Type:ChangeRecordNewData Key:uddi:uddi.org:findqualifier:andallkeys Local id:50
2016-03-14 15:04:20,117 INFO [org.apache.juddi.replication.ReplicationNotifier] - CR saved locally, it was from uddi:juddi.apache.org:node1 USN:51 Type:ChangeRecordNewData Key:uddi:uddi.org:findqualifier:orallkeys Local id:51
2016-03-14 15:04:20,153 INFO [org.apache.juddi.replication.ReplicationNotifier] - CR saved locally, it was from uddi:juddi.apache.org:node1 USN:52 Type:ChangeRecordNewData Key:uddi:uddi.org:findqualifier:orlikekeys Local id:52
2016-03-14 15:04:20,183 INFO [org.apache.juddi.replication.ReplicationNotifier] - CR saved locally, it was from uddi:juddi.apache.org:node1 USN:53 Type:ChangeRecordNewData Key:uddi:uddi.org:findqualifier:combinecategorybags Local id:53
2016-03-14 15:04:20,213 INFO [org.apache.juddi.replication.ReplicationNotifier] - CR saved locally, it was from uddi:juddi.apache.org:node1 USN:54 Type:ChangeRecordNewData Key:uddi:uddi.org:findqualifier:servicesubset Local id:54
2016-03-14 15:04:20,230 INFO [org.apache.juddi.replication.ReplicationNotifier] - CR saved locally, it was from uddi:juddi.apache.org:node1 USN:55 Type:ChangeRecordNewData Key:uddi:uddi.org:findqualifier:bindingsubset Local id:55
2016-03-14 15:04:20,250 INFO [org.apache.juddi.replication.ReplicationNotifier] - CR saved locally, it was from uddi:juddi.apache.org:node1 USN:56 Type:ChangeRecordNewData Key:uddi:uddi.org:findqualifier:suppressprojectedservices Local id:56
2016-03-14 15:04:20,271 INFO [org.apache.juddi.replication.ReplicationNotifier] - CR saved locally, it was from uddi:juddi.apache.org:node1 USN:57 Type:ChangeRecordNewData Key:uddi:uddi.org:findqualifier:signaturepresent Local id:57
2016-03-14 15:04:20,288 INFO [org.apache.juddi.replication.ReplicationNotifier] - CR saved locally, it was from uddi:juddi.apache.org:node1 USN:58 Type:ChangeRecordNewData Key:uddi:uddi.org:specification:hostingredirector Local id:58
2016-03-14 15:04:20,325 INFO [org.apache.juddi.replication.ReplicationNotifier] - CR saved locally, it was from uddi:juddi.apache.org:node1 USN:59 Type:ChangeRecordNewData Key:uddi:uddi.org:specification:v3_policy Local id:59
2016-03-14 15:04:20,396 INFO [org.apache.juddi.replication.ReplicationNotifier] - CR saved locally, it was from uddi:juddi.apache.org:node1 USN:60 Type:ChangeRecordNewData Key:uddi:uddi.org:v3_ownership_transfer Local id:60
2016-03-14 15:04:20,411 INFO [org.apache.juddi.replication.ReplicationNotifier] - CR saved locally, it was from uddi:juddi.apache.org:node1 USN:61 Type:ChangeRecordNewData Key:uddi:uddi.org:v3_subscription Local id:61
2016-03-14 15:04:20,430 INFO [org.apache.juddi.replication.ReplicationNotifier] - CR saved locally, it was from uddi:juddi.apache.org:node1 USN:62 Type:ChangeRecordNewData Key:uddi:uddi.org:v3_subscriptionlistener Local id:62
2016-03-14 15:04:20,447 INFO [org.apache.juddi.replication.ReplicationNotifier] - CR saved locally, it was from uddi:juddi.apache.org:node1 USN:63 Type:ChangeRecordNewData Key:uddi:uddi.org:wsdl:types Local id:63
2016-03-14 15:04:20,461 INFO [org.apache.juddi.replication.ReplicationNotifier] - CR saved locally, it was from uddi:juddi.apache.org:node1 USN:64 Type:ChangeRecordNewData Key:uddi:uddi.org:wadl:types Local id:64
2016-03-14 15:04:20,482 INFO [org.apache.juddi.replication.ReplicationNotifier] - CR saved locally, it was from uddi:juddi.apache.org:node1 USN:65 Type:ChangeRecordNewData Key:uddi:uddi.org:xml:namespace Local id:65
2016-03-14 15:04:20,498 INFO [org.apache.juddi.replication.ReplicationNotifier] - CR saved locally, it was from uddi:juddi.apache.org:node1 USN:66 Type:ChangeRecordNewData Key:uddi:uddi.org:xml:localname Local id:66
2016-03-14 15:04:20,513 INFO [org.apache.juddi.replication.ReplicationNotifier] - CR saved locally, it was from uddi:juddi.apache.org:node1 USN:67 Type:ChangeRecordNewData Key:uddi:uddi.org:wsdl:porttypereference Local id:67
2016-03-14 15:04:20,532 INFO [org.apache.juddi.replication.ReplicationNotifier] - CR saved locally, it was from uddi:juddi.apache.org:node1 USN:68 Type:ChangeRecordNewData Key:uddi:uddi.org:protocol:soap Local id:68
2016-03-14 15:04:20,549 INFO [org.apache.juddi.replication.ReplicationNotifier] - CR saved locally, it was from uddi:juddi.apache.org:node1 USN:69 Type:ChangeRecordNewData Key:uddi:uddi.org:protocol:soap12 Local id:69
2016-03-14 15:04:20,568 INFO [org.apache.juddi.replication.ReplicationNotifier] - CR saved locally, it was from uddi:juddi.apache.org:node1 USN:70 Type:ChangeRecordNewData Key:uddi:uddi.org:protocol:http Local id:70
2016-03-14 15:04:20,583 INFO [org.apache.juddi.replication.ReplicationNotifier] - CR saved locally, it was from uddi:juddi.apache.org:node1 USN:71 Type:ChangeRecordNewData Key:uddi:uddi.org:wsdl:categorization:protocol Local id:71
2016-03-14 15:04:20,614 INFO [org.apache.juddi.replication.ReplicationNotifier] - CR saved locally, it was from uddi:juddi.apache.org:node1 USN:72 Type:ChangeRecordNewData Key:uddi:uddi.org:wsdl:categorization:transport Local id:72
2016-03-14 15:04:20,632 INFO [org.apache.juddi.replication.ReplicationNotifier] - CR saved locally, it was from uddi:juddi.apache.org:node1 USN:73 Type:ChangeRecordNewData Key:uddi:uddi.org:wsdl:address Local id:73
2016-03-14 15:04:20,648 INFO [org.apache.juddi.replication.ReplicationNotifier] - CR saved locally, it was from uddi:juddi.apache.org:node1 USN:74 Type:ChangeRecordNewData Key:uddi:uddi.org:bpel:types Local id:74
2016-03-14 15:04:20,694 INFO [org.apache.juddi.replication.ReplicationNotifier] - CR saved locally, it was from uddi:juddi.apache.org:node1 USN:75 Type:ChangeRecordNewData Key:uddi:tmodelkey:address Local id:75
2016-03-14 15:04:20,713 INFO [org.apache.juddi.replication.ReplicationNotifier] - CR saved locally, it was from uddi:juddi.apache.org:node1 USN:76 Type:ChangeRecordNewData Key:uddi:tmodelkey:group Local id:76
2016-03-14 15:04:20,747 INFO [org.apache.juddi.replication.ReplicationNotifier] - CR saved locally, it was from uddi:juddi.apache.org:node1 USN:77 Type:ChangeRecordNewData Key:uddi:tmodelkey:blank Local id:77
2016-03-14 15:04:20,796 INFO [org.apache.juddi.replication.ReplicationNotifier] - CR saved locally, it was from uddi:juddi.apache.org:node1 USN:78 Type:ChangeRecordNewData Key:urn:wsdm.org:metric:requestcount Local id:78
2016-03-14 15:04:20,810 INFO [org.apache.juddi.replication.ReplicationNotifier] - CR saved locally, it was from uddi:juddi.apache.org:node1 USN:79 Type:ChangeRecordNewData Key:urn:wsdm.org:metric:replycount Local id:79
2016-03-14 15:04:20,824 INFO [org.apache.juddi.replication.ReplicationNotifier] - CR saved locally, it was from uddi:juddi.apache.org:node1 USN:80 Type:ChangeRecordNewData Key:urn:wsdm.org:metric:faultcount Local id:80
2016-03-14 15:04:20,841 INFO [org.apache.juddi.replication.ReplicationNotifier] - CR saved locally, it was from uddi:juddi.apache.org:node1 USN:81 Type:ChangeRecordNewData Key:urn:wsdm.org:identity:resourceid Local id:81
2016-03-14 15:04:20,857 INFO [org.apache.juddi.replication.ReplicationNotifier] - CR saved locally, it was from uddi:juddi.apache.org:node1 USN:82 Type:ChangeRecordNewData Key:urn:wsdm.org:metric:lastupdatetime Local id:82
2016-03-14 15:04:20,878 INFO [org.apache.juddi.replication.ReplicationNotifier] - CR saved locally, it was from uddi:juddi.apache.org:node1 USN:83 Type:ChangeRecordNewData Key:urn:wsdm.org:qos:responsetime_average Local id:83
2016-03-14 15:04:20,894 INFO [org.apache.juddi.replication.ReplicationNotifier] - CR saved locally, it was from uddi:juddi.apache.org:node1 USN:84 Type:ChangeRecordNewData Key:urn:wsdm.org:qos:throughput_count Local id:84
2016-03-14 15:04:20,910 INFO [org.apache.juddi.replication.ReplicationNotifier] - CR saved locally, it was from uddi:juddi.apache.org:node1 USN:85 Type:ChangeRecordNewData Key:urn:wsdm.org:qos:throughput_bytes Local id:85
2016-03-14 15:04:20,928 INFO [org.apache.juddi.replication.ReplicationNotifier] - CR saved locally, it was from uddi:juddi.apache.org:node1 USN:86 Type:ChangeRecordNewData Key:urn:wsdm.org:qos:reliability Local id:86
2016-03-14 15:04:20,949 INFO [org.apache.juddi.replication.ReplicationNotifier] - CR saved locally, it was from uddi:juddi.apache.org:node1 USN:87 Type:ChangeRecordNewData Key:urn:wsdm.org:qos:reportingperiodstart Local id:87
2016-03-14 15:04:20,965 INFO [org.apache.juddi.replication.ReplicationNotifier] - CR saved locally, it was from uddi:juddi.apache.org:node1 USN:88 Type:ChangeRecordNewData Key:urn:wsdm.org:qos:reportingperiodend Local id:88
2016-03-14 15:04:20,981 INFO [org.apache.juddi.replication.ReplicationNotifier] - CR saved locally, it was from uddi:juddi.apache.org:node1 USN:89 Type:ChangeRecordNewData Key:urn:wsdm.org:qos:updateinterval Local id:89
2016-03-14 15:04:20,995 INFO [org.apache.juddi.replication.ReplicationNotifier] - CR saved locally, it was from uddi:juddi.apache.org:node1 USN:90 Type:ChangeRecordNewData Key:urn:uddi:uddi.org:version Local id:90
2016-03-14 15:04:21,014 INFO [org.apache.juddi.replication.ReplicationNotifier] - CR saved locally, it was from uddi:juddi.apache.org:node1 USN:91 Type:ChangeRecordNewData Key:uddi:uddi.org:ubr:categorization:iso3166 Local id:91
2016-03-14 15:04:21,028 INFO [org.apache.juddi.replication.ReplicationNotifier] - CR saved locally, it was from uddi:juddi.apache.org:node1 USN:92 Type:ChangeRecordNewData Key:uddi:uddi.org:ubr:categorizationgroup:unspsc_geo3166 Local id:92
2016-03-14 15:04:21,077 INFO [org.apache.juddi.replication.ReplicationNotifier] - CR saved locally, it was from uddi:juddi.apache.org:node1 USN:93 Type:ChangeRecordNewData Key:uddi:uddi.org:ubr:categorizationgroup:wgs84 Local id:93
2016-03-14 15:04:21,091 INFO [org.apache.juddi.replication.ReplicationNotifier] - CR saved locally, it was from uddi:juddi.apache.org:node1 USN:94 Type:ChangeRecordNewData Key:uddi:uddi.org:ubr:categorizationgroup:wgs84:latitude Local id:94
2016-03-14 15:04:21,105 INFO [org.apache.juddi.replication.ReplicationNotifier] - CR saved locally, it was from uddi:juddi.apache.org:node1 USN:95 Type:ChangeRecordNewData Key:uddi:uddi.org:ubr:categorizationgroup:wgs84:longitude Local id:95
2016-03-14 15:04:21,118 INFO [org.apache.juddi.replication.ReplicationNotifier] - CR saved locally, it was from uddi:juddi.apache.org:node1 USN:96 Type:ChangeRecordNewData Key:org:ubr:categorization:geo_precision Local id:96
2016-03-14 15:04:21,132 INFO [org.apache.juddi.replication.ReplicationNotifier] - CR saved locally, it was from uddi:juddi.apache.org:node1 USN:97 Type:ChangeRecordNewData Key:uddi:uddi.org:ubr:postaladdress Local id:97
2016-03-14 15:04:21,147 INFO [org.apache.juddi.replication.ReplicationNotifier] - CR saved locally, it was from uddi:juddi.apache.org:node1 USN:98 Type:ChangeRecordNewData Key:uddi:uddi.org:ubr:relationships Local id:98
2016-03-14 15:04:21,177 INFO [org.apache.juddi.replication.ReplicationNotifier] - CR saved locally, it was from uddi:juddi.apache.org:node1 USN:99 Type:ChangeRecordNewData Key:uddi:uddi.org:ubr:identifier:owningbusiness Local id:99
2016-03-14 15:04:21,188 INFO [org.apache.juddi.config.Install] - Checking if jUDDI is seeded by searching for root publisher root
2016-03-14 15:04:21,197 INFO [org.apache.juddi.replication.ReplicationNotifier] - CR saved locally, it was from uddi:juddi.apache.org:node1 USN:100 Type:ChangeRecordNewData Key:uddi:uddi.org:ubr:categorization:unspsc Local id:100
2016-03-14 15:04:21,220 INFO [org.apache.juddi.replication.ReplicationNotifier] - CR saved locally, it was from uddi:juddi.apache.org:node1 USN:101 Type:ChangeRecordNewData Key:uddi:uddi.org:ubr:categorization:naics:1997 Local id:101
2016-03-14 15:04:21,244 INFO [org.apache.juddi.replication.ReplicationNotifier] - CR saved locally, it was from uddi:juddi.apache.org:node1 USN:102 Type:ChangeRecordNewData Key:uddi:uddi.org:ubr:categorization:naics:2012 Local id:102
2016-03-14 15:04:21,262 INFO [org.apache.juddi.replication.ReplicationNotifier] - CR saved locally, it was from uddi:juddi.apache.org:node1 USN:103 Type:ChangeRecordNewData Key:uddi:uddi.org:ubr:categorization:naics:2002 Local id:103
2016-03-14 15:04:21,283 INFO [org.apache.juddi.replication.ReplicationNotifier] - CR saved locally, it was from uddi:juddi.apache.org:node1 USN:104 Type:ChangeRecordNewData Key:uddi:uddi.org:ubr:categorization:naics:2007 Local id:104
2016-03-14 15:04:21,300 INFO [org.apache.juddi.replication.ReplicationNotifier] - CR saved locally, it was from uddi:juddi.apache.org:node1 USN:105 Type:ChangeRecordNewData Key:uddi:uddi.org:ubr:taxonomy:naics Local id:105
2016-03-14 15:04:21,324 INFO [org.apache.juddi.replication.ReplicationNotifier] - CR saved locally, it was from uddi:juddi.apache.org:node1 USN:106 Type:ChangeRecordNewData Key:uddi:uddi.org:sortorder:jis-x4061 Local id:106
2016-03-14 15:04:21,341 INFO [org.apache.juddi.replication.ReplicationNotifier] - CR saved locally, it was from uddi:juddi.apache.org:node1 USN:107 Type:ChangeRecordNewData Key:uddi:uddi.org:ubr:identifier:dnb.com:d-u-n-s Local id:107
2016-03-14 15:04:21,367 INFO [org.apache.juddi.replication.ReplicationNotifier] - CR saved locally, it was from uddi:juddi.apache.org:node1 USN:108 Type:ChangeRecordNewData Key:uddi:uddi.org:ubr:identifier:iso6523icd Local id:108
2016-03-14 15:04:21,384 INFO [org.apache.juddi.replication.ReplicationNotifier] - CR saved locally, it was from uddi:juddi.apache.org:node1 USN:109 Type:ChangeRecordNewData Key:uuid:8609c81e-ee1f-4d5a-b202-3eb13ad01823 Local id:109
2016-03-14 15:04:21,402 INFO [org.apache.juddi.replication.ReplicationNotifier] - CR saved locally, it was from uddi:juddi.apache.org:node1 USN:110 Type:ChangeRecordNewData Key:uuid:c0b9fe13-179f-413d-8a5b-5004db8e5bb2 Local id:110
2016-03-14 15:04:21,417 INFO [org.apache.juddi.replication.ReplicationNotifier] - CR saved locally, it was from uddi:juddi.apache.org:node1 USN:111 Type:ChangeRecordNewData Key:uuid:c7536010-f786-11db-a010-e6245c4e79a1 Local id:111
2016-03-14 15:04:21,432 INFO [org.apache.juddi.replication.ReplicationNotifier] - CR saved locally, it was from uddi:juddi.apache.org:node1 USN:112 Type:ChangeRecordNewData Key:uuid:b1b1baf5-2329-43e6-ae13-ba8e97195039 Local id:112
2016-03-14 15:04:21,446 INFO [org.apache.juddi.replication.ReplicationNotifier] - CR saved locally, it was from uddi:juddi.apache.org:node1 USN:113 Type:ChangeRecordNewData Key:uuid:a035a07c-f362-44dd-8f95-e2b134bf43b4 Local id:113
2016-03-14 15:04:21,464 INFO [org.apache.juddi.replication.ReplicationNotifier] - CR saved locally, it was from uddi:juddi.apache.org:node1 USN:114 Type:ChangeRecordNewData Key:uuid:ac104dcc-d623-452f-88a7-f8acd94d9b2b Local id:114
2016-03-14 15:04:21,480 INFO [org.apache.juddi.replication.ReplicationNotifier] - CR saved locally, it was from uddi:juddi.apache.org:node1 USN:115 Type:ChangeRecordNewData Key:uuid:e59ae320-77a5-11d5-b898-0004ac49cc1e Local id:115
2016-03-14 15:04:21,497 INFO [org.apache.juddi.replication.ReplicationNotifier] - CR saved locally, it was from uddi:juddi.apache.org:node1 USN:116 Type:ChangeRecordNewData Key:uuid:4e49a8d6-d5a2-4fc2-93a0-0411d8d19e88 Local id:116
2016-03-14 15:04:21,512 INFO [org.apache.juddi.replication.ReplicationNotifier] - CR saved locally, it was from uddi:juddi.apache.org:node1 USN:117 Type:ChangeRecordNewData Key:uuid:327a56f0-3299-4461-bc23-5cd513e95c55 Local id:117
2016-03-14 15:04:21,524 INFO [org.apache.juddi.replication.ReplicationNotifier] - CR saved locally, it was from uddi:juddi.apache.org:node1 USN:118 Type:ChangeRecordNewData Key:uuid:4064c064-6d14-4f35-8953-9652106476a9 Local id:118
2016-03-14 15:04:21,543 INFO [org.apache.juddi.replication.ReplicationNotifier] - CR saved locally, it was from uddi:juddi.apache.org:node1 USN:119 Type:ChangeRecordNewData Key:uuid:6e10b91b-babc-3442-b8fc-5a3c8fde0794 Local id:119
2016-03-14 15:04:21,557 INFO [org.apache.juddi.replication.ReplicationNotifier] - CR saved locally, it was from uddi:juddi.apache.org:node1 USN:120 Type:ChangeRecordNewData Key:uuid:aa254698-93de-3870-8df3-a5c075d64a0e Local id:120
2016-03-14 15:04:21,570 INFO [org.apache.juddi.replication.ReplicationNotifier] - CR saved locally, it was from uddi:juddi.apache.org:node1 USN:121 Type:ChangeRecordNewData Key:uuid:807a2c6a-ee22-470d-adc7-e0424a337c03 Local id:121
2016-03-14 15:04:21,583 INFO [org.apache.juddi.replication.ReplicationNotifier] - CR saved locally, it was from uddi:juddi.apache.org:node1 USN:122 Type:ChangeRecordNewData Key:uuid:1e3e9cbc-f8ce-41ab-8f99-88326bad324a Local id:122
2016-03-14 15:04:21,597 INFO [org.apache.juddi.replication.ReplicationNotifier] - CR saved locally, it was from uddi:juddi.apache.org:node1 USN:123 Type:ChangeRecordNewData Key:uuid:c1acf26d-9672-4404-9d70-39b756e62ab4 Local id:123
2016-03-14 15:04:21,613 INFO [org.apache.juddi.replication.ReplicationNotifier] - CR saved locally, it was from uddi:juddi.apache.org:node1 USN:124 Type:ChangeRecordNewData Key:uuid:ad61de98-4db8-31b2-a299-a2373dc97212 Local id:124
2016-03-14 15:04:21,626 INFO [org.apache.juddi.replication.ReplicationNotifier] - CR saved locally, it was from uddi:juddi.apache.org:node1 USN:125 Type:ChangeRecordNewData Key:uuid:4dc74177-7806-34d9-aecd-33c57dc3a865 Local id:125
2016-03-14 15:04:21,639 INFO [org.apache.juddi.replication.ReplicationNotifier] - CR saved locally, it was from uddi:juddi.apache.org:node1 USN:126 Type:ChangeRecordNewData Key:uuid:e5c43936-86e4-37bf-8196-1d04b35c0099 Local id:126
2016-03-14 15:04:21,657 INFO [org.apache.juddi.replication.ReplicationNotifier] - CR saved locally, it was from uddi:juddi.apache.org:node1 USN:127 Type:ChangeRecordNewData Key:uuid:082b0851-25d8-303c-b332-f24a6d53e38e Local id:127
2016-03-14 15:04:21,671 INFO [org.apache.juddi.replication.ReplicationNotifier] - CR saved locally, it was from uddi:juddi.apache.org:node1 USN:128 Type:ChangeRecordNewData Key:uuid:6e090afa-33e5-36eb-81b7-1ca18373f457 Local id:128
2016-03-14 15:04:21,685 INFO [org.apache.juddi.replication.ReplicationNotifier] - CR saved locally, it was from uddi:juddi.apache.org:node1 USN:129 Type:ChangeRecordNewData Key:uuid:2ec65201-9109-3919-9bec-c9dbefcaccf6 Local id:129
2016-03-14 15:04:21,694 INFO [org.apache.juddi.replication.ReplicationNotifier] - CR saved locally, it was from uddi:juddi.apache.org:node1 USN:130 Type:ChangeRecordNewData Key:uuid:d01987d1-ab2e-3013-9be2-2a66eb99d824 Local id:130
2016-03-14 15:04:21,709 INFO [org.apache.juddi.replication.ReplicationNotifier] - CR saved locally, it was from uddi:juddi.apache.org:node1 USN:131 Type:ChangeRecordNewData Key:uuid:cd153257-086a-4237-b336-6bdcbdcc6634 Local id:131
2016-03-14 15:04:21,727 INFO [org.apache.juddi.replication.ReplicationNotifier] - CR saved locally, it was from uddi:juddi.apache.org:node1 USN:132 Type:ChangeRecordNewData Key:uuid:db77450d-9fa8-45d4-a7bc-04411d14e384 Local id:132
2016-03-14 15:04:21,742 INFO [org.apache.juddi.replication.ReplicationNotifier] - CR saved locally, it was from uddi:juddi.apache.org:node1 USN:133 Type:ChangeRecordNewData Key:uuid:f1b347da-6cbb-3a10-93e7-7cd4328b88d3 Local id:133
2016-03-14 15:04:21,755 INFO [org.apache.juddi.replication.ReplicationNotifier] - CR saved locally, it was from uddi:juddi.apache.org:node1 USN:134 Type:ChangeRecordNewData Key:uuid:1ff729f2-1948-46cf-b660-31ec107f1663 Local id:134
2016-03-14 15:04:21,767 INFO [org.apache.juddi.replication.ReplicationNotifier] - CR saved locally, it was from uddi:juddi.apache.org:node1 USN:135 Type:ChangeRecordNewData Key:uuid:4614c240-b483-11d7-8be8-000629dc0a53 Local id:135
2016-03-14 15:04:21,778 INFO [org.apache.juddi.replication.ReplicationNotifier] - CR saved locally, it was from uddi:juddi.apache.org:node1 USN:136 Type:ChangeRecordNewData Key:uuid:48eb2518-c1bd-354f-92c9-21a53b0ff2b1 Local id:136
2016-03-14 15:04:21,791 INFO [org.apache.juddi.replication.ReplicationNotifier] - CR saved locally, it was from uddi:juddi.apache.org:node1 USN:137 Type:ChangeRecordNewData Key:uddi:uddi.org:ubr:identifier:thomasregister.com:supplierid Local id:137
2016-03-14 15:04:21,804 INFO [org.apache.juddi.replication.ReplicationNotifier] - CR saved locally, it was from uddi:juddi.apache.org:node1 USN:138 Type:ChangeRecordNewData Key:uddi:uddi.org:v3_valuesetvalidation Local id:138
2016-03-14 15:04:21,815 INFO [org.apache.juddi.replication.ReplicationNotifier] - CR saved locally, it was from uddi:juddi.apache.org:node1 USN:139 Type:ChangeRecordNewData Key:uddi:uddi.org:v3_valuesetcaching Local id:139
2016-03-14 15:04:21,830 INFO [org.apache.juddi.replication.ReplicationNotifier] - CR saved locally, it was from uddi:juddi.apache.org:node1 USN:140 Type:ChangeRecordNewData Key:uuid:25b22e3e-3dfa-3024-b02a-3438b9050b59 Local id:140
2016-03-14 15:04:22,014 INFO [org.apache.juddi.api.impl.UDDIServiceCounter] - Found MBean server
2016-03-14 15:04:22,015 INFO [org.apache.juddi.api.impl.UDDIServiceCounter] - Found MBean server
2016-03-14 15:04:24,162 INFO [org.springframework.web.context.ContextLoader] - Root WebApplicationContext: initialization completed in 8315 ms
2016-03-14 15:04:24,171 INFO [org.apache.juddi.gui] - Key validation failed! Illegal key size or default parameters
2016-03-14 15:04:25,040 INFO [org.apache.juddi.Registry] - Starting jUDDI registry...This is node uddi:juddi.apache.org:node1
2016-03-14 15:04:25,826 INFO [org.apache.juddi.config.AppConfig] - Reading from jUDDI config file from:  file:/Users/Francisco/GitHub/ttt-web-service-noughts-crosses-game-2/juddi-3.3.2_tomcat-7.0.64_9090/webapps/juddiv3replication/WEB-INF/classes/juddiv3.xml
2016-03-14 15:04:25,828 INFO [org.apache.juddi.config.Install] - Checking if jUDDI is seeded by searching for root publisher root
2016-03-14 15:04:25,857 INFO [org.apache.juddi.api.impl.UDDIServiceCounter] - Found MBean server
2016-03-14 15:04:25,858 INFO [org.apache.juddi.Registry] - jUDDI registry started successfully.
2016-03-14 15:05:20,985 INFO [org.apache.juddi.v3.client.config.UDDIClient] - jUDDI Client version - 3.3.2
2016-03-14 15:05:21,000 INFO [org.apache.juddi.v3.client.config.ClientConfig] - Reading UDDI Client properties file file:///Users/Francisco/GitHub/ttt-web-service-noughts-crosses-game-2/juddi-3.3.2_tomcat-7.0.64_9090/webapps/juddiv3/WEB-INF/classes/META-INF/uddi.xml use -Duddi.client.xml to override
2016-03-14 15:09:14,809 INFO [org.apache.juddi.api.impl.AuthenticatedService] - FindBusiness with tModel bag filtering is enabled: true loaded from file:/Users/Francisco/GitHub/ttt-web-service-noughts-crosses-game-2/juddi-3.3.2_tomcat-7.0.64_9090/webapps/juddiv3/WEB-INF/classes/juddiv3.xml
2016-03-14 15:09:15,021 INFO [org.apache.juddi.api.impl.InquiryHelper] - FindBusiness by tModelBag is enabled! Loaded from file:/Users/Francisco/GitHub/ttt-web-service-noughts-crosses-game-2/juddi-3.3.2_tomcat-7.0.64_9090/webapps/juddiv3/WEB-INF/classes/juddiv3.xml
2016-03-14 15:09:15,931 INFO [org.apache.juddi.api.impl.AuthenticatedService] - AUDIT: AuthToken request for username from 127.0.0.1
2016-03-14 15:09:15,935 WARN [org.apache.juddi.v3.auth.JUDDIAuthenticator] - DO NOT USE JUDDI AUTHENTICATOR FOR PRODUCTION SYSTEMS - DOES NOT VALIDATE PASSWORDS, AT ALL!
2016-03-14 15:09:15,939 WARN [org.apache.juddi.v3.auth.JUDDIAuthenticator] - Publisher "username" was not found, adding the publisher in on the fly.
2016-03-14 15:09:15,982 INFO [org.apache.juddi.api.impl.AuthenticatedService] - AUDIT: AuthToken issued for username from 127.0.0.1
2016-03-14 15:09:16,768 WARN [org.apache.juddi.validation.ValidatePublish] - Hey, you should consider encrypting your trust store password!
2016-03-14 15:09:17,246 INFO [org.apache.juddi.replication.ReplicationNotifier] - Replication, Notifying nodes of new change records. 1 queued
2016-03-14 15:09:17,247 INFO [org.apache.juddi.replication.ReplicationNotifier] - CR saved locally, it was from uddi:juddi.apache.org:node1 USN:141 Type:ChangeRecordNewData Key:uddi:juddi.apache.org:f7fb9aec-e6f3-47e0-970f-417c282faa16 Local id:141
2016-03-14 15:09:17,273 INFO [org.apache.juddi.subscription.SubscriptionNotifier] - Start Notification background task; checking if subscription notifications need to be send out..
2016-03-14 15:09:17,293 INFO [org.apache.juddi.subscription.SubscriptionNotifier] - Notification background task took 20 milliseconds.
2016-03-14 15:09:17,459 INFO [org.apache.juddi.api.impl.AuthenticatedService] - FindBusiness with tModel bag filtering is enabled: true loaded from file:/Users/Francisco/GitHub/ttt-web-service-noughts-crosses-game-2/juddi-3.3.2_tomcat-7.0.64_9090/webapps/juddiv3/WEB-INF/classes/juddiv3.xml
2016-03-14 15:09:17,578 INFO [org.apache.juddi.api.impl.InquiryHelper] - FindBusiness by tModelBag is enabled! Loaded from file:/Users/Francisco/GitHub/ttt-web-service-noughts-crosses-game-2/juddi-3.3.2_tomcat-7.0.64_9090/webapps/juddiv3/WEB-INF/classes/juddiv3.xml
2016-03-14 15:09:18,648 INFO [org.apache.juddi.api.impl.AuthenticatedService] - FindBusiness with tModel bag filtering is enabled: true loaded from file:/Users/Francisco/GitHub/ttt-web-service-noughts-crosses-game-2/juddi-3.3.2_tomcat-7.0.64_9090/webapps/juddiv3/WEB-INF/classes/juddiv3.xml
2016-03-14 15:09:18,653 INFO [org.apache.juddi.api.impl.InquiryHelper] - FindBusiness by tModelBag is enabled! Loaded from file:/Users/Francisco/GitHub/ttt-web-service-noughts-crosses-game-2/juddi-3.3.2_tomcat-7.0.64_9090/webapps/juddiv3/WEB-INF/classes/juddiv3.xml
2016-03-14 15:09:21,869 WARN [org.apache.juddi.validation.ValidatePublish] - Hey, you should consider encrypting your trust store password!
2016-03-14 15:09:22,250 INFO [org.apache.juddi.replication.ReplicationNotifier] - Replication, Notifying nodes of new change records. 2 queued
2016-03-14 15:09:22,251 INFO [org.apache.juddi.replication.ReplicationNotifier] - CR saved locally, it was from uddi:juddi.apache.org:node1 USN:142 Type:ChangeRecordDelete Key:uddi:juddi.apache.org:f7fb9aec-e6f3-47e0-970f-417c282faa16 Local id:142
2016-03-14 15:09:22,273 INFO [org.apache.juddi.replication.ReplicationNotifier] - CR saved locally, it was from uddi:juddi.apache.org:node1 USN:143 Type:ChangeRecordNewData Key:uddi:juddi.apache.org:f0136ce9-0ee9-440a-ae2b-e23b0d769364 Local id:143
2016-03-14 15:09:22,273 INFO [org.apache.juddi.subscription.SubscriptionNotifier] - Start Notification background task; checking if subscription notifications need to be send out..
2016-03-14 15:09:22,274 INFO [org.apache.juddi.subscription.SubscriptionNotifier] - Notification background task took 1 milliseconds.
2016-03-14 15:09:22,414 INFO [org.apache.juddi.api.impl.AuthenticatedService] - FindBusiness with tModel bag filtering is enabled: true loaded from file:/Users/Francisco/GitHub/ttt-web-service-noughts-crosses-game-2/juddi-3.3.2_tomcat-7.0.64_9090/webapps/juddiv3/WEB-INF/classes/juddiv3.xml
2016-03-14 15:09:22,420 INFO [org.apache.juddi.api.impl.InquiryHelper] - FindBusiness by tModelBag is enabled! Loaded from file:/Users/Francisco/GitHub/ttt-web-service-noughts-crosses-game-2/juddi-3.3.2_tomcat-7.0.64_9090/webapps/juddiv3/WEB-INF/classes/juddiv3.xml
